[30-Apr-2017 06:09:22 Asia/Tokyo] PHP Parse error:  syntax error, unexpected 'endif' (T_ENDIF) in /home/ubuntu/workspace/kadai-tasklist/storage/framework/views/70f93fa0037e969ff5b6cad04d70b03b on line 11
[30-Apr-2017 06:09:22 Asia/Tokyo] PHP Stack trace:
[30-Apr-2017 06:09:22 Asia/Tokyo] PHP   1. {main}() /home/ubuntu/workspace/kadai-tasklist/server.php:0
[30-Apr-2017 06:09:22 Asia/Tokyo] PHP   2. require_once() /home/ubuntu/workspace/kadai-tasklist/server.php:21
[30-Apr-2017 06:09:22 Asia/Tokyo] PHP   3. Illuminate\Foundation\Http\Kernel->handle() /home/ubuntu/workspace/kadai-tasklist/public/index.php:54
[30-Apr-2017 06:09:22 Asia/Tokyo] PHP   4. Illuminate\Foundation\Http\Kernel->sendRequestThroughRouter() /home/ubuntu/workspace/kadai-tasklist/vendor/laravel/framework/src/Illuminate/Foundation/Http/Kernel.php:87
[30-Apr-2017 06:09:22 Asia/Tokyo] PHP   5. Illuminate\Pipeline\Pipeline->then() /home/ubuntu/workspace/kadai-tasklist/vendor/laravel/framework/src/Illuminate/Foundation/Http/Kernel.php:122
[30-Apr-2017 06:09:22 Asia/Tokyo] PHP   6. call_user_func:{/home/ubuntu/workspace/kadai-tasklist/vendor/laravel/framework/src/Illuminate/Pipeline/Pipeline.php:103}() /home/ubuntu/workspace/kadai-tasklist/vendor/laravel/framework/src/Illuminate/Pipeline/Pipeline.php:103
[30-Apr-2017 06:09:22 Asia/Tokyo] PHP   7. Illuminate\Pipeline\Pipeline->Illuminate\Pipeline\{closure}() /home/ubuntu/workspace/kadai-tasklist/vendor/laravel/framework/src/Illuminate/Pipeline/Pipeline.php:103
[30-Apr-2017 06:09:22 Asia/Tokyo] PHP   8. call_user_func_array:{/home/ubuntu/workspace/kadai-tasklist/vendor/laravel/framework/src/Illuminate/Pipeline/Pipeline.php:124}() /home/ubuntu/workspace/kadai-tasklist/vendor/laravel/framework/src/Illuminate/Pipeline/Pipeline.php:124
[30-Apr-2017 06:09:22 Asia/Tokyo] PHP   9. Illuminate\Foundation\Http\Middleware\CheckForMaintenanceMode->handle() /home/ubuntu/workspace/kadai-tasklist/vendor/laravel/framework/src/Illuminate/Pipeline/Pipeline.php:124
[30-Apr-2017 06:09:22 Asia/Tokyo] PHP  10. Illuminate\Pipeline\Pipeline->Illuminate\Pipeline\{closure}() /home/ubuntu/workspace/kadai-tasklist/vendor/laravel/framework/src/Illuminate/Foundation/Http/Middleware/CheckForMaintenanceMode.php:44
[30-Apr-2017 06:09:22 Asia/Tokyo] PHP  11. call_user_func_array:{/home/ubuntu/workspace/kadai-tasklist/vendor/laravel/framework/src/Illuminate/Pipeline/Pipeline.php:124}() /home/ubuntu/workspace/kadai-tasklist/vendor/laravel/framework/src/Illuminate/Pipeline/Pipeline.php:124
[30-Apr-2017 06:09:22 Asia/Tokyo] PHP  12. Illuminate\Cookie\Middleware\EncryptCookies->handle() /home/ubuntu/workspace/kadai-tasklist/vendor/laravel/framework/src/Illuminate/Pipeline/Pipeline.php:124
[30-Apr-2017 06:09:22 Asia/Tokyo] PHP  13. Illuminate\Pipeline\Pipeline->Illuminate\Pipeline\{closure}() /home/ubuntu/workspace/kadai-tasklist/vendor/laravel/framework/src/Illuminate/Cookie/Middleware/EncryptCookies.php:59
[30-Apr-2017 06:09:22 Asia/Tokyo] PHP  14. call_user_func_array:{/home/ubuntu/workspace/kadai-tasklist/vendor/laravel/framework/src/Illuminate/Pipeline/Pipeline.php:124}() /home/ubuntu/workspace/kadai-tasklist/vendor/laravel/framework/src/Illuminate/Pipeline/Pipeline.php:124
[30-Apr-2017 06:09:22 Asia/Tokyo] PHP  15. Illuminate\Cookie\Middleware\AddQueuedCookiesToResponse->handle() /home/ubuntu/workspace/kadai-tasklist/vendor/laravel/framework/src/Illuminate/Pipeline/Pipeline.php:124
[30-Apr-2017 06:09:22 Asia/Tokyo] PHP  16. Illuminate\Pipeline\Pipeline->Illuminate\Pipeline\{closure}() /home/ubuntu/workspace/kadai-tasklist/vendor/laravel/framework/src/Illuminate/Cookie/Middleware/AddQueuedCookiesToResponse.php:37
[30-Apr-2017 06:09:22 Asia/Tokyo] PHP  17. call_user_func_array:{/home/ubuntu/workspace/kadai-tasklist/vendor/laravel/framework/src/Illuminate/Pipeline/Pipeline.php:124}() /home/ubuntu/workspace/kadai-tasklist/vendor/laravel/framework/src/Illuminate/Pipeline/Pipeline.php:124
[30-Apr-2017 06:09:22 Asia/Tokyo] PHP  18. Illuminate\Session\Middleware\StartSession->handle() /home/ubuntu/workspace/kadai-tasklist/vendor/laravel/framework/src/Illuminate/Pipeline/Pipeline.php:124
[30-Apr-2017 06:09:22 Asia/Tokyo] PHP  19. Illuminate\Pipeline\Pipeline->Illuminate\Pipeline\{closure}() /home/ubuntu/workspace/kadai-tasklist/vendor/laravel/framework/src/Illuminate/Session/Middleware/StartSession.php:62
[30-Apr-2017 06:09:22 Asia/Tokyo] PHP  20. call_user_func_array:{/home/ubuntu/workspace/kadai-tasklist/vendor/laravel/framework/src/Illuminate/Pipeline/Pipeline.php:124}() /home/ubuntu/workspace/kadai-tasklist/vendor/laravel/framework/src/Illuminate/Pipeline/Pipeline.php:124
[30-Apr-2017 06:09:22 Asia/Tokyo] PHP  21. Illuminate\View\Middleware\ShareErrorsFromSession->handle() /home/ubuntu/workspace/kadai-tasklist/vendor/laravel/framework/src/Illuminate/Pipeline/Pipeline.php:124
[30-Apr-2017 06:09:22 Asia/Tokyo] PHP  22. Illuminate\Pipeline\Pipeline->Illuminate\Pipeline\{closure}() /home/ubuntu/workspace/kadai-tasklist/vendor/laravel/framework/src/Illuminate/View/Middleware/ShareErrorsFromSession.php:49
[30-Apr-2017 06:09:22 Asia/Tokyo] PHP  23. call_user_func_array:{/home/ubuntu/workspace/kadai-tasklist/vendor/laravel/framework/src/Illuminate/Pipeline/Pipeline.php:124}() /home/ubuntu/workspace/kadai-tasklist/vendor/laravel/framework/src/Illuminate/Pipeline/Pipeline.php:124
[30-Apr-2017 06:09:22 Asia/Tokyo] PHP  24. Illuminate\Foundation\Http\Middleware\VerifyCsrfToken->handle() /home/ubuntu/workspace/kadai-tasklist/vendor/laravel/framework/src/Illuminate/Pipeline/Pipeline.php:124
[30-Apr-2017 06:09:22 Asia/Tokyo] PHP  25. Illuminate\Pipeline\Pipeline->Illuminate\Pipeline\{closure}() /home/ubuntu/workspace/kadai-tasklist/vendor/laravel/framework/src/Illuminate/Foundation/Http/Middleware/VerifyCsrfToken.php:50
[30-Apr-2017 06:09:22 Asia/Tokyo] PHP  26. call_user_func:{/home/ubuntu/workspace/kadai-tasklist/vendor/laravel/framework/src/Illuminate/Pipeline/Pipeline.php:139}() /home/ubuntu/workspace/kadai-tasklist/vendor/laravel/framework/src/Illuminate/Pipeline/Pipeline.php:139
[30-Apr-2017 06:09:22 Asia/Tokyo] PHP  27. Illuminate\Foundation\Http\Kernel->Illuminate\Foundation\Http\{closure}() /home/ubuntu/workspace/kadai-tasklist/vendor/laravel/framework/src/Illuminate/Pipeline/Pipeline.php:139
[30-Apr-2017 06:09:22 Asia/Tokyo] PHP  28. Illuminate\Routing\Router->dispatch() /home/ubuntu/workspace/kadai-tasklist/vendor/laravel/framework/src/Illuminate/Foundation/Http/Kernel.php:236
[30-Apr-2017 06:09:22 Asia/Tokyo] PHP  29. Illuminate\Routing\Router->dispatchToRoute() /home/ubuntu/workspace/kadai-tasklist/vendor/laravel/framework/src/Illuminate/Routing/Router.php:635
[30-Apr-2017 06:09:22 Asia/Tokyo] PHP  30. Illuminate\Routing\Router->runRouteWithinStack() /home/ubuntu/workspace/kadai-tasklist/vendor/laravel/framework/src/Illuminate/Routing/Router.php:675
[30-Apr-2017 06:09:22 Asia/Tokyo] PHP  31. Illuminate\Pipeline\Pipeline->then() /home/ubuntu/workspace/kadai-tasklist/vendor/laravel/framework/src/Illuminate/Routing/Router.php:710
[30-Apr-2017 06:09:22 Asia/Tokyo] PHP  32. call_user_func:{/home/ubuntu/workspace/kadai-tasklist/vendor/laravel/framework/src/Illuminate/Pipeline/Pipeline.php:103}() /home/ubuntu/workspace/kadai-tasklist/vendor/laravel/framework/src/Illuminate/Pipeline/Pipeline.php:103
[30-Apr-2017 06:09:22 Asia/Tokyo] PHP  33. Illuminate\Pipeline\Pipeline->Illuminate\Pipeline\{closure}() /home/ubuntu/workspace/kadai-tasklist/vendor/laravel/framework/src/Illuminate/Pipeline/Pipeline.php:103
[30-Apr-2017 06:09:22 Asia/Tokyo] PHP  34. call_user_func:{/home/ubuntu/workspace/kadai-tasklist/vendor/laravel/framework/src/Illuminate/Pipeline/Pipeline.php:139}() /home/ubuntu/workspace/kadai-tasklist/vendor/laravel/framework/src/Illuminate/Pipeline/Pipeline.php:139
[30-Apr-2017 06:09:22 Asia/Tokyo] PHP  35. Illuminate\Routing\Router->Illuminate\Routing\{closure}() /home/ubuntu/workspace/kadai-tasklist/vendor/laravel/framework/src/Illuminate/Pipeline/Pipeline.php:139
[30-Apr-2017 06:09:22 Asia/Tokyo] PHP  36. Illuminate\Routing\Route->run() /home/ubuntu/workspace/kadai-tasklist/vendor/laravel/framework/src/Illuminate/Routing/Router.php:708
[30-Apr-2017 06:09:22 Asia/Tokyo] PHP  37. Illuminate\Routing\Route->runWithCustomDispatcher() /home/ubuntu/workspace/kadai-tasklist/vendor/laravel/framework/src/Illuminate/Routing/Route.php:134
[30-Apr-2017 06:09:22 Asia/Tokyo] PHP  38. Illuminate\Routing\ControllerDispatcher->dispatch() /home/ubuntu/workspace/kadai-tasklist/vendor/laravel/framework/src/Illuminate/Routing/Route.php:203
[30-Apr-2017 06:09:22 Asia/Tokyo] PHP  39. Illuminate\Routing\ControllerDispatcher->callWithinStack() /home/ubuntu/workspace/kadai-tasklist/vendor/laravel/framework/src/Illuminate/Routing/ControllerDispatcher.php:69
[30-Apr-2017 06:09:22 Asia/Tokyo] PHP  40. Illuminate\Pipeline\Pipeline->then() /home/ubuntu/workspace/kadai-tasklist/vendor/laravel/framework/src/Illuminate/Routing/ControllerDispatcher.php:114
[30-Apr-2017 06:09:22 Asia/Tokyo] PHP  41. call_user_func:{/home/ubuntu/workspace/kadai-tasklist/vendor/laravel/framework/src/Illuminate/Pipeline/Pipeline.php:103}() /home/ubuntu/workspace/kadai-tasklist/vendor/laravel/framework/src/Illuminate/Pipeline/Pipeline.php:103
[30-Apr-2017 06:09:22 Asia/Tokyo] PHP  42. Illuminate\Pipeline\Pipeline->Illuminate\Pipeline\{closure}() /home/ubuntu/workspace/kadai-tasklist/vendor/laravel/framework/src/Illuminate/Pipeline/Pipeline.php:103
[30-Apr-2017 06:09:22 Asia/Tokyo] PHP  43. call_user_func:{/home/ubuntu/workspace/kadai-tasklist/vendor/laravel/framework/src/Illuminate/Pipeline/Pipeline.php:139}() /home/ubuntu/workspace/kadai-tasklist/vendor/laravel/framework/src/Illuminate/Pipeline/Pipeline.php:139
[30-Apr-2017 06:09:22 Asia/Tokyo] PHP  44. Illuminate\Routing\ControllerDispatcher->Illuminate\Routing\{closure}() /home/ubuntu/workspace/kadai-tasklist/vendor/laravel/framework/src/Illuminate/Pipeline/Pipeline.php:139
[30-Apr-2017 06:09:22 Asia/Tokyo] PHP  45. Illuminate\Routing\Router->prepareResponse() /home/ubuntu/workspace/kadai-tasklist/vendor/laravel/framework/src/Illuminate/Routing/ControllerDispatcher.php:113
[30-Apr-2017 06:09:22 Asia/Tokyo] PHP  46. Symfony\Component\HttpFoundation\Response->__construct() /home/ubuntu/workspace/kadai-tasklist/vendor/laravel/framework/src/Illuminate/Routing/Router.php:1229
[30-Apr-2017 06:09:22 Asia/Tokyo] PHP  47. Illuminate\Http\Response->setContent() /home/ubuntu/workspace/kadai-tasklist/vendor/symfony/http-foundation/Response.php:202
[30-Apr-2017 06:09:22 Asia/Tokyo] PHP  48. Illuminate\View\View->render() /home/ubuntu/workspace/kadai-tasklist/vendor/laravel/framework/src/Illuminate/Http/Response.php:51
[30-Apr-2017 06:09:22 Asia/Tokyo] PHP  49. Illuminate\View\View->renderContents() /home/ubuntu/workspace/kadai-tasklist/vendor/laravel/framework/src/Illuminate/View/View.php:83
[30-Apr-2017 06:09:22 Asia/Tokyo] PHP  50. Illuminate\View\View->getContents() /home/ubuntu/workspace/kadai-tasklist/vendor/laravel/framework/src/Illuminate/View/View.php:118
[30-Apr-2017 06:09:22 Asia/Tokyo] PHP  51. Illuminate\View\Engines\CompilerEngine->get() /home/ubuntu/workspace/kadai-tasklist/vendor/laravel/framework/src/Illuminate/View/View.php:147
[30-Apr-2017 06:09:22 Asia/Tokyo] PHP  52. Illuminate\View\Engines\PhpEngine->evaluatePath() /home/ubuntu/workspace/kadai-tasklist/vendor/laravel/framework/src/Illuminate/View/Engines/CompilerEngine.php:58
[30-Apr-2017 06:28:19 Asia/Tokyo] PHP Parse error:  syntax error, unexpected 'return' (T_RETURN) in /home/ubuntu/workspace/kadai-tasklist/app/Http/Controllers/TasksController.php on line 59
[30-Apr-2017 06:28:19 Asia/Tokyo] PHP Stack trace:
[30-Apr-2017 06:28:19 Asia/Tokyo] PHP   1. {main}() /home/ubuntu/workspace/kadai-tasklist/server.php:0
[30-Apr-2017 06:28:19 Asia/Tokyo] PHP   2. require_once() /home/ubuntu/workspace/kadai-tasklist/server.php:21
[30-Apr-2017 06:28:19 Asia/Tokyo] PHP   3. Illuminate\Foundation\Http\Kernel->handle() /home/ubuntu/workspace/kadai-tasklist/public/index.php:54
[30-Apr-2017 06:28:19 Asia/Tokyo] PHP   4. Illuminate\Foundation\Http\Kernel->sendRequestThroughRouter() /home/ubuntu/workspace/kadai-tasklist/vendor/laravel/framework/src/Illuminate/Foundation/Http/Kernel.php:87
[30-Apr-2017 06:28:19 Asia/Tokyo] PHP   5. Illuminate\Pipeline\Pipeline->then() /home/ubuntu/workspace/kadai-tasklist/vendor/laravel/framework/src/Illuminate/Foundation/Http/Kernel.php:122
[30-Apr-2017 06:28:19 Asia/Tokyo] PHP   6. call_user_func:{/home/ubuntu/workspace/kadai-tasklist/vendor/laravel/framework/src/Illuminate/Pipeline/Pipeline.php:103}() /home/ubuntu/workspace/kadai-tasklist/vendor/laravel/framework/src/Illuminate/Pipeline/Pipeline.php:103
[30-Apr-2017 06:28:19 Asia/Tokyo] PHP   7. Illuminate\Pipeline\Pipeline->Illuminate\Pipeline\{closure}() /home/ubuntu/workspace/kadai-tasklist/vendor/laravel/framework/src/Illuminate/Pipeline/Pipeline.php:103
[30-Apr-2017 06:28:19 Asia/Tokyo] PHP   8. call_user_func_array:{/home/ubuntu/workspace/kadai-tasklist/vendor/laravel/framework/src/Illuminate/Pipeline/Pipeline.php:124}() /home/ubuntu/workspace/kadai-tasklist/vendor/laravel/framework/src/Illuminate/Pipeline/Pipeline.php:124
[30-Apr-2017 06:28:19 Asia/Tokyo] PHP   9. Illuminate\Foundation\Http\Middleware\CheckForMaintenanceMode->handle() /home/ubuntu/workspace/kadai-tasklist/vendor/laravel/framework/src/Illuminate/Pipeline/Pipeline.php:124
[30-Apr-2017 06:28:19 Asia/Tokyo] PHP  10. Illuminate\Pipeline\Pipeline->Illuminate\Pipeline\{closure}() /home/ubuntu/workspace/kadai-tasklist/vendor/laravel/framework/src/Illuminate/Foundation/Http/Middleware/CheckForMaintenanceMode.php:44
[30-Apr-2017 06:28:19 Asia/Tokyo] PHP  11. call_user_func_array:{/home/ubuntu/workspace/kadai-tasklist/vendor/laravel/framework/src/Illuminate/Pipeline/Pipeline.php:124}() /home/ubuntu/workspace/kadai-tasklist/vendor/laravel/framework/src/Illuminate/Pipeline/Pipeline.php:124
[30-Apr-2017 06:28:19 Asia/Tokyo] PHP  12. Illuminate\Cookie\Middleware\EncryptCookies->handle() /home/ubuntu/workspace/kadai-tasklist/vendor/laravel/framework/src/Illuminate/Pipeline/Pipeline.php:124
[30-Apr-2017 06:28:19 Asia/Tokyo] PHP  13. Illuminate\Pipeline\Pipeline->Illuminate\Pipeline\{closure}() /home/ubuntu/workspace/kadai-tasklist/vendor/laravel/framework/src/Illuminate/Cookie/Middleware/EncryptCookies.php:59
[30-Apr-2017 06:28:19 Asia/Tokyo] PHP  14. call_user_func_array:{/home/ubuntu/workspace/kadai-tasklist/vendor/laravel/framework/src/Illuminate/Pipeline/Pipeline.php:124}() /home/ubuntu/workspace/kadai-tasklist/vendor/laravel/framework/src/Illuminate/Pipeline/Pipeline.php:124
[30-Apr-2017 06:28:19 Asia/Tokyo] PHP  15. Illuminate\Cookie\Middleware\AddQueuedCookiesToResponse->handle() /home/ubuntu/workspace/kadai-tasklist/vendor/laravel/framework/src/Illuminate/Pipeline/Pipeline.php:124
[30-Apr-2017 06:28:19 Asia/Tokyo] PHP  16. Illuminate\Pipeline\Pipeline->Illuminate\Pipeline\{closure}() /home/ubuntu/workspace/kadai-tasklist/vendor/laravel/framework/src/Illuminate/Cookie/Middleware/AddQueuedCookiesToResponse.php:37
[30-Apr-2017 06:28:19 Asia/Tokyo] PHP  17. call_user_func_array:{/home/ubuntu/workspace/kadai-tasklist/vendor/laravel/framework/src/Illuminate/Pipeline/Pipeline.php:124}() /home/ubuntu/workspace/kadai-tasklist/vendor/laravel/framework/src/Illuminate/Pipeline/Pipeline.php:124
[30-Apr-2017 06:28:19 Asia/Tokyo] PHP  18. Illuminate\Session\Middleware\StartSession->handle() /home/ubuntu/workspace/kadai-tasklist/vendor/laravel/framework/src/Illuminate/Pipeline/Pipeline.php:124
[30-Apr-2017 06:28:19 Asia/Tokyo] PHP  19. Illuminate\Pipeline\Pipeline->Illuminate\Pipeline\{closure}() /home/ubuntu/workspace/kadai-tasklist/vendor/laravel/framework/src/Illuminate/Session/Middleware/StartSession.php:62
[30-Apr-2017 06:28:19 Asia/Tokyo] PHP  20. call_user_func_array:{/home/ubuntu/workspace/kadai-tasklist/vendor/laravel/framework/src/Illuminate/Pipeline/Pipeline.php:124}() /home/ubuntu/workspace/kadai-tasklist/vendor/laravel/framework/src/Illuminate/Pipeline/Pipeline.php:124
[30-Apr-2017 06:28:19 Asia/Tokyo] PHP  21. Illuminate\View\Middleware\ShareErrorsFromSession->handle() /home/ubuntu/workspace/kadai-tasklist/vendor/laravel/framework/src/Illuminate/Pipeline/Pipeline.php:124
[30-Apr-2017 06:28:19 Asia/Tokyo] PHP  22. Illuminate\Pipeline\Pipeline->Illuminate\Pipeline\{closure}() /home/ubuntu/workspace/kadai-tasklist/vendor/laravel/framework/src/Illuminate/View/Middleware/ShareErrorsFromSession.php:49
[30-Apr-2017 06:28:19 Asia/Tokyo] PHP  23. call_user_func_array:{/home/ubuntu/workspace/kadai-tasklist/vendor/laravel/framework/src/Illuminate/Pipeline/Pipeline.php:124}() /home/ubuntu/workspace/kadai-tasklist/vendor/laravel/framework/src/Illuminate/Pipeline/Pipeline.php:124
[30-Apr-2017 06:28:19 Asia/Tokyo] PHP  24. Illuminate\Foundation\Http\Middleware\VerifyCsrfToken->handle() /home/ubuntu/workspace/kadai-tasklist/vendor/laravel/framework/src/Illuminate/Pipeline/Pipeline.php:124
[30-Apr-2017 06:28:19 Asia/Tokyo] PHP  25. Illuminate\Pipeline\Pipeline->Illuminate\Pipeline\{closure}() /home/ubuntu/workspace/kadai-tasklist/vendor/laravel/framework/src/Illuminate/Foundation/Http/Middleware/VerifyCsrfToken.php:50
[30-Apr-2017 06:28:19 Asia/Tokyo] PHP  26. call_user_func:{/home/ubuntu/workspace/kadai-tasklist/vendor/laravel/framework/src/Illuminate/Pipeline/Pipeline.php:139}() /home/ubuntu/workspace/kadai-tasklist/vendor/laravel/framework/src/Illuminate/Pipeline/Pipeline.php:139
[30-Apr-2017 06:28:19 Asia/Tokyo] PHP  27. Illuminate\Foundation\Http\Kernel->Illuminate\Foundation\Http\{closure}() /home/ubuntu/workspace/kadai-tasklist/vendor/laravel/framework/src/Illuminate/Pipeline/Pipeline.php:139
[30-Apr-2017 06:28:19 Asia/Tokyo] PHP  28. Illuminate\Routing\Router->dispatch() /home/ubuntu/workspace/kadai-tasklist/vendor/laravel/framework/src/Illuminate/Foundation/Http/Kernel.php:236
[30-Apr-2017 06:28:19 Asia/Tokyo] PHP  29. Illuminate\Routing\Router->dispatchToRoute() /home/ubuntu/workspace/kadai-tasklist/vendor/laravel/framework/src/Illuminate/Routing/Router.php:635
[30-Apr-2017 06:28:19 Asia/Tokyo] PHP  30. Illuminate\Routing\Router->runRouteWithinStack() /home/ubuntu/workspace/kadai-tasklist/vendor/laravel/framework/src/Illuminate/Routing/Router.php:675
[30-Apr-2017 06:28:19 Asia/Tokyo] PHP  31. Illuminate\Pipeline\Pipeline->then() /home/ubuntu/workspace/kadai-tasklist/vendor/laravel/framework/src/Illuminate/Routing/Router.php:710
[30-Apr-2017 06:28:19 Asia/Tokyo] PHP  32. call_user_func:{/home/ubuntu/workspace/kadai-tasklist/vendor/laravel/framework/src/Illuminate/Pipeline/Pipeline.php:103}() /home/ubuntu/workspace/kadai-tasklist/vendor/laravel/framework/src/Illuminate/Pipeline/Pipeline.php:103
[30-Apr-2017 06:28:19 Asia/Tokyo] PHP  33. Illuminate\Pipeline\Pipeline->Illuminate\Pipeline\{closure}() /home/ubuntu/workspace/kadai-tasklist/vendor/laravel/framework/src/Illuminate/Pipeline/Pipeline.php:103
[30-Apr-2017 06:28:19 Asia/Tokyo] PHP  34. call_user_func:{/home/ubuntu/workspace/kadai-tasklist/vendor/laravel/framework/src/Illuminate/Pipeline/Pipeline.php:139}() /home/ubuntu/workspace/kadai-tasklist/vendor/laravel/framework/src/Illuminate/Pipeline/Pipeline.php:139
[30-Apr-2017 06:28:19 Asia/Tokyo] PHP  35. Illuminate\Routing\Router->Illuminate\Routing\{closure}() /home/ubuntu/workspace/kadai-tasklist/vendor/laravel/framework/src/Illuminate/Pipeline/Pipeline.php:139
[30-Apr-2017 06:28:19 Asia/Tokyo] PHP  36. Illuminate\Routing\Route->run() /home/ubuntu/workspace/kadai-tasklist/vendor/laravel/framework/src/Illuminate/Routing/Router.php:708
[30-Apr-2017 06:28:19 Asia/Tokyo] PHP  37. Illuminate\Routing\Route->runWithCustomDispatcher() /home/ubuntu/workspace/kadai-tasklist/vendor/laravel/framework/src/Illuminate/Routing/Route.php:134
[30-Apr-2017 06:28:19 Asia/Tokyo] PHP  38. Illuminate\Routing\ControllerDispatcher->dispatch() /home/ubuntu/workspace/kadai-tasklist/vendor/laravel/framework/src/Illuminate/Routing/Route.php:203
[30-Apr-2017 06:28:19 Asia/Tokyo] PHP  39. Illuminate\Routing\ControllerDispatcher->makeController() /home/ubuntu/workspace/kadai-tasklist/vendor/laravel/framework/src/Illuminate/Routing/ControllerDispatcher.php:57
[30-Apr-2017 06:28:19 Asia/Tokyo] PHP  40. Illuminate\Foundation\Application->make() /home/ubuntu/workspace/kadai-tasklist/vendor/laravel/framework/src/Illuminate/Routing/ControllerDispatcher.php:85
[30-Apr-2017 06:28:19 Asia/Tokyo] PHP  41. Illuminate\Container\Container->make() /home/ubuntu/workspace/kadai-tasklist/vendor/laravel/framework/src/Illuminate/Foundation/Application.php:674
[30-Apr-2017 06:28:19 Asia/Tokyo] PHP  42. Illuminate\Container\Container->build() /home/ubuntu/workspace/kadai-tasklist/vendor/laravel/framework/src/Illuminate/Container/Container.php:631
[30-Apr-2017 06:28:19 Asia/Tokyo] PHP  43. ReflectionClass->__construct() /home/ubuntu/workspace/kadai-tasklist/vendor/laravel/framework/src/Illuminate/Container/Container.php:741
[30-Apr-2017 06:28:19 Asia/Tokyo] PHP  44. spl_autoload_call() /home/ubuntu/workspace/kadai-tasklist/vendor/laravel/framework/src/Illuminate/Container/Container.php:741
[30-Apr-2017 06:28:19 Asia/Tokyo] PHP  45. Composer\Autoload\ClassLoader->loadClass() /home/ubuntu/workspace/kadai-tasklist/vendor/laravel/framework/src/Illuminate/Container/Container.php:741
[30-Apr-2017 06:28:19 Asia/Tokyo] PHP  46. Composer\Autoload\includeFile() /home/ubuntu/workspace/kadai-tasklist/vendor/composer/ClassLoader.php:322
[30-Apr-2017 06:28:34 Asia/Tokyo] PHP Parse error:  syntax error, unexpected 'return' (T_RETURN) in /home/ubuntu/workspace/kadai-tasklist/app/Http/Controllers/TasksController.php on line 59
[30-Apr-2017 06:28:34 Asia/Tokyo] PHP Stack trace:
[30-Apr-2017 06:28:34 Asia/Tokyo] PHP   1. {main}() /home/ubuntu/workspace/kadai-tasklist/server.php:0
[30-Apr-2017 06:28:34 Asia/Tokyo] PHP   2. require_once() /home/ubuntu/workspace/kadai-tasklist/server.php:21
[30-Apr-2017 06:28:34 Asia/Tokyo] PHP   3. Illuminate\Foundation\Http\Kernel->handle() /home/ubuntu/workspace/kadai-tasklist/public/index.php:54
[30-Apr-2017 06:28:34 Asia/Tokyo] PHP   4. Illuminate\Foundation\Http\Kernel->sendRequestThroughRouter() /home/ubuntu/workspace/kadai-tasklist/vendor/laravel/framework/src/Illuminate/Foundation/Http/Kernel.php:87
[30-Apr-2017 06:28:34 Asia/Tokyo] PHP   5. Illuminate\Pipeline\Pipeline->then() /home/ubuntu/workspace/kadai-tasklist/vendor/laravel/framework/src/Illuminate/Foundation/Http/Kernel.php:122
[30-Apr-2017 06:28:34 Asia/Tokyo] PHP   6. call_user_func:{/home/ubuntu/workspace/kadai-tasklist/vendor/laravel/framework/src/Illuminate/Pipeline/Pipeline.php:103}() /home/ubuntu/workspace/kadai-tasklist/vendor/laravel/framework/src/Illuminate/Pipeline/Pipeline.php:103
[30-Apr-2017 06:28:34 Asia/Tokyo] PHP   7. Illuminate\Pipeline\Pipeline->Illuminate\Pipeline\{closure}() /home/ubuntu/workspace/kadai-tasklist/vendor/laravel/framework/src/Illuminate/Pipeline/Pipeline.php:103
[30-Apr-2017 06:28:34 Asia/Tokyo] PHP   8. call_user_func_array:{/home/ubuntu/workspace/kadai-tasklist/vendor/laravel/framework/src/Illuminate/Pipeline/Pipeline.php:124}() /home/ubuntu/workspace/kadai-tasklist/vendor/laravel/framework/src/Illuminate/Pipeline/Pipeline.php:124
[30-Apr-2017 06:28:34 Asia/Tokyo] PHP   9. Illuminate\Foundation\Http\Middleware\CheckForMaintenanceMode->handle() /home/ubuntu/workspace/kadai-tasklist/vendor/laravel/framework/src/Illuminate/Pipeline/Pipeline.php:124
[30-Apr-2017 06:28:34 Asia/Tokyo] PHP  10. Illuminate\Pipeline\Pipeline->Illuminate\Pipeline\{closure}() /home/ubuntu/workspace/kadai-tasklist/vendor/laravel/framework/src/Illuminate/Foundation/Http/Middleware/CheckForMaintenanceMode.php:44
[30-Apr-2017 06:28:34 Asia/Tokyo] PHP  11. call_user_func_array:{/home/ubuntu/workspace/kadai-tasklist/vendor/laravel/framework/src/Illuminate/Pipeline/Pipeline.php:124}() /home/ubuntu/workspace/kadai-tasklist/vendor/laravel/framework/src/Illuminate/Pipeline/Pipeline.php:124
[30-Apr-2017 06:28:34 Asia/Tokyo] PHP  12. Illuminate\Cookie\Middleware\EncryptCookies->handle() /home/ubuntu/workspace/kadai-tasklist/vendor/laravel/framework/src/Illuminate/Pipeline/Pipeline.php:124
[30-Apr-2017 06:28:34 Asia/Tokyo] PHP  13. Illuminate\Pipeline\Pipeline->Illuminate\Pipeline\{closure}() /home/ubuntu/workspace/kadai-tasklist/vendor/laravel/framework/src/Illuminate/Cookie/Middleware/EncryptCookies.php:59
[30-Apr-2017 06:28:34 Asia/Tokyo] PHP  14. call_user_func_array:{/home/ubuntu/workspace/kadai-tasklist/vendor/laravel/framework/src/Illuminate/Pipeline/Pipeline.php:124}() /home/ubuntu/workspace/kadai-tasklist/vendor/laravel/framework/src/Illuminate/Pipeline/Pipeline.php:124
[30-Apr-2017 06:28:34 Asia/Tokyo] PHP  15. Illuminate\Cookie\Middleware\AddQueuedCookiesToResponse->handle() /home/ubuntu/workspace/kadai-tasklist/vendor/laravel/framework/src/Illuminate/Pipeline/Pipeline.php:124
[30-Apr-2017 06:28:34 Asia/Tokyo] PHP  16. Illuminate\Pipeline\Pipeline->Illuminate\Pipeline\{closure}() /home/ubuntu/workspace/kadai-tasklist/vendor/laravel/framework/src/Illuminate/Cookie/Middleware/AddQueuedCookiesToResponse.php:37
[30-Apr-2017 06:28:34 Asia/Tokyo] PHP  17. call_user_func_array:{/home/ubuntu/workspace/kadai-tasklist/vendor/laravel/framework/src/Illuminate/Pipeline/Pipeline.php:124}() /home/ubuntu/workspace/kadai-tasklist/vendor/laravel/framework/src/Illuminate/Pipeline/Pipeline.php:124
[30-Apr-2017 06:28:34 Asia/Tokyo] PHP  18. Illuminate\Session\Middleware\StartSession->handle() /home/ubuntu/workspace/kadai-tasklist/vendor/laravel/framework/src/Illuminate/Pipeline/Pipeline.php:124
[30-Apr-2017 06:28:34 Asia/Tokyo] PHP  19. Illuminate\Pipeline\Pipeline->Illuminate\Pipeline\{closure}() /home/ubuntu/workspace/kadai-tasklist/vendor/laravel/framework/src/Illuminate/Session/Middleware/StartSession.php:62
[30-Apr-2017 06:28:34 Asia/Tokyo] PHP  20. call_user_func_array:{/home/ubuntu/workspace/kadai-tasklist/vendor/laravel/framework/src/Illuminate/Pipeline/Pipeline.php:124}() /home/ubuntu/workspace/kadai-tasklist/vendor/laravel/framework/src/Illuminate/Pipeline/Pipeline.php:124
[30-Apr-2017 06:28:34 Asia/Tokyo] PHP  21. Illuminate\View\Middleware\ShareErrorsFromSession->handle() /home/ubuntu/workspace/kadai-tasklist/vendor/laravel/framework/src/Illuminate/Pipeline/Pipeline.php:124
[30-Apr-2017 06:28:34 Asia/Tokyo] PHP  22. Illuminate\Pipeline\Pipeline->Illuminate\Pipeline\{closure}() /home/ubuntu/workspace/kadai-tasklist/vendor/laravel/framework/src/Illuminate/View/Middleware/ShareErrorsFromSession.php:49
[30-Apr-2017 06:28:34 Asia/Tokyo] PHP  23. call_user_func_array:{/home/ubuntu/workspace/kadai-tasklist/vendor/laravel/framework/src/Illuminate/Pipeline/Pipeline.php:124}() /home/ubuntu/workspace/kadai-tasklist/vendor/laravel/framework/src/Illuminate/Pipeline/Pipeline.php:124
[30-Apr-2017 06:28:34 Asia/Tokyo] PHP  24. Illuminate\Foundation\Http\Middleware\VerifyCsrfToken->handle() /home/ubuntu/workspace/kadai-tasklist/vendor/laravel/framework/src/Illuminate/Pipeline/Pipeline.php:124
[30-Apr-2017 06:28:34 Asia/Tokyo] PHP  25. Illuminate\Pipeline\Pipeline->Illuminate\Pipeline\{closure}() /home/ubuntu/workspace/kadai-tasklist/vendor/laravel/framework/src/Illuminate/Foundation/Http/Middleware/VerifyCsrfToken.php:50
[30-Apr-2017 06:28:34 Asia/Tokyo] PHP  26. call_user_func:{/home/ubuntu/workspace/kadai-tasklist/vendor/laravel/framework/src/Illuminate/Pipeline/Pipeline.php:139}() /home/ubuntu/workspace/kadai-tasklist/vendor/laravel/framework/src/Illuminate/Pipeline/Pipeline.php:139
[30-Apr-2017 06:28:34 Asia/Tokyo] PHP  27. Illuminate\Foundation\Http\Kernel->Illuminate\Foundation\Http\{closure}() /home/ubuntu/workspace/kadai-tasklist/vendor/laravel/framework/src/Illuminate/Pipeline/Pipeline.php:139
[30-Apr-2017 06:28:34 Asia/Tokyo] PHP  28. Illuminate\Routing\Router->dispatch() /home/ubuntu/workspace/kadai-tasklist/vendor/laravel/framework/src/Illuminate/Foundation/Http/Kernel.php:236
[30-Apr-2017 06:28:34 Asia/Tokyo] PHP  29. Illuminate\Routing\Router->dispatchToRoute() /home/ubuntu/workspace/kadai-tasklist/vendor/laravel/framework/src/Illuminate/Routing/Router.php:635
[30-Apr-2017 06:28:34 Asia/Tokyo] PHP  30. Illuminate\Routing\Router->runRouteWithinStack() /home/ubuntu/workspace/kadai-tasklist/vendor/laravel/framework/src/Illuminate/Routing/Router.php:675
[30-Apr-2017 06:28:34 Asia/Tokyo] PHP  31. Illuminate\Pipeline\Pipeline->then() /home/ubuntu/workspace/kadai-tasklist/vendor/laravel/framework/src/Illuminate/Routing/Router.php:710
[30-Apr-2017 06:28:34 Asia/Tokyo] PHP  32. call_user_func:{/home/ubuntu/workspace/kadai-tasklist/vendor/laravel/framework/src/Illuminate/Pipeline/Pipeline.php:103}() /home/ubuntu/workspace/kadai-tasklist/vendor/laravel/framework/src/Illuminate/Pipeline/Pipeline.php:103
[30-Apr-2017 06:28:34 Asia/Tokyo] PHP  33. Illuminate\Pipeline\Pipeline->Illuminate\Pipeline\{closure}() /home/ubuntu/workspace/kadai-tasklist/vendor/laravel/framework/src/Illuminate/Pipeline/Pipeline.php:103
[30-Apr-2017 06:28:34 Asia/Tokyo] PHP  34. call_user_func:{/home/ubuntu/workspace/kadai-tasklist/vendor/laravel/framework/src/Illuminate/Pipeline/Pipeline.php:139}() /home/ubuntu/workspace/kadai-tasklist/vendor/laravel/framework/src/Illuminate/Pipeline/Pipeline.php:139
[30-Apr-2017 06:28:34 Asia/Tokyo] PHP  35. Illuminate\Routing\Router->Illuminate\Routing\{closure}() /home/ubuntu/workspace/kadai-tasklist/vendor/laravel/framework/src/Illuminate/Pipeline/Pipeline.php:139
[30-Apr-2017 06:28:34 Asia/Tokyo] PHP  36. Illuminate\Routing\Route->run() /home/ubuntu/workspace/kadai-tasklist/vendor/laravel/framework/src/Illuminate/Routing/Router.php:708
[30-Apr-2017 06:28:34 Asia/Tokyo] PHP  37. Illuminate\Routing\Route->runWithCustomDispatcher() /home/ubuntu/workspace/kadai-tasklist/vendor/laravel/framework/src/Illuminate/Routing/Route.php:134
[30-Apr-2017 06:28:34 Asia/Tokyo] PHP  38. Illuminate\Routing\ControllerDispatcher->dispatch() /home/ubuntu/workspace/kadai-tasklist/vendor/laravel/framework/src/Illuminate/Routing/Route.php:203
[30-Apr-2017 06:28:34 Asia/Tokyo] PHP  39. Illuminate\Routing\ControllerDispatcher->makeController() /home/ubuntu/workspace/kadai-tasklist/vendor/laravel/framework/src/Illuminate/Routing/ControllerDispatcher.php:57
[30-Apr-2017 06:28:34 Asia/Tokyo] PHP  40. Illuminate\Foundation\Application->make() /home/ubuntu/workspace/kadai-tasklist/vendor/laravel/framework/src/Illuminate/Routing/ControllerDispatcher.php:85
[30-Apr-2017 06:28:34 Asia/Tokyo] PHP  41. Illuminate\Container\Container->make() /home/ubuntu/workspace/kadai-tasklist/vendor/laravel/framework/src/Illuminate/Foundation/Application.php:674
[30-Apr-2017 06:28:34 Asia/Tokyo] PHP  42. Illuminate\Container\Container->build() /home/ubuntu/workspace/kadai-tasklist/vendor/laravel/framework/src/Illuminate/Container/Container.php:631
[30-Apr-2017 06:28:34 Asia/Tokyo] PHP  43. ReflectionClass->__construct() /home/ubuntu/workspace/kadai-tasklist/vendor/laravel/framework/src/Illuminate/Container/Container.php:741
[30-Apr-2017 06:28:34 Asia/Tokyo] PHP  44. spl_autoload_call() /home/ubuntu/workspace/kadai-tasklist/vendor/laravel/framework/src/Illuminate/Container/Container.php:741
[30-Apr-2017 06:28:34 Asia/Tokyo] PHP  45. Composer\Autoload\ClassLoader->loadClass() /home/ubuntu/workspace/kadai-tasklist/vendor/laravel/framework/src/Illuminate/Container/Container.php:741
[30-Apr-2017 06:28:34 Asia/Tokyo] PHP  46. Composer\Autoload\includeFile() /home/ubuntu/workspace/kadai-tasklist/vendor/composer/ClassLoader.php:322
[30-Apr-2017 06:28:35 Asia/Tokyo] PHP Parse error:  syntax error, unexpected 'return' (T_RETURN) in /home/ubuntu/workspace/kadai-tasklist/app/Http/Controllers/TasksController.php on line 59
[30-Apr-2017 06:28:35 Asia/Tokyo] PHP Stack trace:
[30-Apr-2017 06:28:35 Asia/Tokyo] PHP   1. {main}() /home/ubuntu/workspace/kadai-tasklist/server.php:0
[30-Apr-2017 06:28:35 Asia/Tokyo] PHP   2. require_once() /home/ubuntu/workspace/kadai-tasklist/server.php:21
[30-Apr-2017 06:28:35 Asia/Tokyo] PHP   3. Illuminate\Foundation\Http\Kernel->handle() /home/ubuntu/workspace/kadai-tasklist/public/index.php:54
[30-Apr-2017 06:28:35 Asia/Tokyo] PHP   4. Illuminate\Foundation\Http\Kernel->sendRequestThroughRouter() /home/ubuntu/workspace/kadai-tasklist/vendor/laravel/framework/src/Illuminate/Foundation/Http/Kernel.php:87
[30-Apr-2017 06:28:35 Asia/Tokyo] PHP   5. Illuminate\Pipeline\Pipeline->then() /home/ubuntu/workspace/kadai-tasklist/vendor/laravel/framework/src/Illuminate/Foundation/Http/Kernel.php:122
[30-Apr-2017 06:28:35 Asia/Tokyo] PHP   6. call_user_func:{/home/ubuntu/workspace/kadai-tasklist/vendor/laravel/framework/src/Illuminate/Pipeline/Pipeline.php:103}() /home/ubuntu/workspace/kadai-tasklist/vendor/laravel/framework/src/Illuminate/Pipeline/Pipeline.php:103
[30-Apr-2017 06:28:35 Asia/Tokyo] PHP   7. Illuminate\Pipeline\Pipeline->Illuminate\Pipeline\{closure}() /home/ubuntu/workspace/kadai-tasklist/vendor/laravel/framework/src/Illuminate/Pipeline/Pipeline.php:103
[30-Apr-2017 06:28:35 Asia/Tokyo] PHP   8. call_user_func_array:{/home/ubuntu/workspace/kadai-tasklist/vendor/laravel/framework/src/Illuminate/Pipeline/Pipeline.php:124}() /home/ubuntu/workspace/kadai-tasklist/vendor/laravel/framework/src/Illuminate/Pipeline/Pipeline.php:124
[30-Apr-2017 06:28:35 Asia/Tokyo] PHP   9. Illuminate\Foundation\Http\Middleware\CheckForMaintenanceMode->handle() /home/ubuntu/workspace/kadai-tasklist/vendor/laravel/framework/src/Illuminate/Pipeline/Pipeline.php:124
[30-Apr-2017 06:28:35 Asia/Tokyo] PHP  10. Illuminate\Pipeline\Pipeline->Illuminate\Pipeline\{closure}() /home/ubuntu/workspace/kadai-tasklist/vendor/laravel/framework/src/Illuminate/Foundation/Http/Middleware/CheckForMaintenanceMode.php:44
[30-Apr-2017 06:28:35 Asia/Tokyo] PHP  11. call_user_func_array:{/home/ubuntu/workspace/kadai-tasklist/vendor/laravel/framework/src/Illuminate/Pipeline/Pipeline.php:124}() /home/ubuntu/workspace/kadai-tasklist/vendor/laravel/framework/src/Illuminate/Pipeline/Pipeline.php:124
[30-Apr-2017 06:28:35 Asia/Tokyo] PHP  12. Illuminate\Cookie\Middleware\EncryptCookies->handle() /home/ubuntu/workspace/kadai-tasklist/vendor/laravel/framework/src/Illuminate/Pipeline/Pipeline.php:124
[30-Apr-2017 06:28:35 Asia/Tokyo] PHP  13. Illuminate\Pipeline\Pipeline->Illuminate\Pipeline\{closure}() /home/ubuntu/workspace/kadai-tasklist/vendor/laravel/framework/src/Illuminate/Cookie/Middleware/EncryptCookies.php:59
[30-Apr-2017 06:28:35 Asia/Tokyo] PHP  14. call_user_func_array:{/home/ubuntu/workspace/kadai-tasklist/vendor/laravel/framework/src/Illuminate/Pipeline/Pipeline.php:124}() /home/ubuntu/workspace/kadai-tasklist/vendor/laravel/framework/src/Illuminate/Pipeline/Pipeline.php:124
[30-Apr-2017 06:28:35 Asia/Tokyo] PHP  15. Illuminate\Cookie\Middleware\AddQueuedCookiesToResponse->handle() /home/ubuntu/workspace/kadai-tasklist/vendor/laravel/framework/src/Illuminate/Pipeline/Pipeline.php:124
[30-Apr-2017 06:28:35 Asia/Tokyo] PHP  16. Illuminate\Pipeline\Pipeline->Illuminate\Pipeline\{closure}() /home/ubuntu/workspace/kadai-tasklist/vendor/laravel/framework/src/Illuminate/Cookie/Middleware/AddQueuedCookiesToResponse.php:37
[30-Apr-2017 06:28:35 Asia/Tokyo] PHP  17. call_user_func_array:{/home/ubuntu/workspace/kadai-tasklist/vendor/laravel/framework/src/Illuminate/Pipeline/Pipeline.php:124}() /home/ubuntu/workspace/kadai-tasklist/vendor/laravel/framework/src/Illuminate/Pipeline/Pipeline.php:124
[30-Apr-2017 06:28:35 Asia/Tokyo] PHP  18. Illuminate\Session\Middleware\StartSession->handle() /home/ubuntu/workspace/kadai-tasklist/vendor/laravel/framework/src/Illuminate/Pipeline/Pipeline.php:124
[30-Apr-2017 06:28:35 Asia/Tokyo] PHP  19. Illuminate\Pipeline\Pipeline->Illuminate\Pipeline\{closure}() /home/ubuntu/workspace/kadai-tasklist/vendor/laravel/framework/src/Illuminate/Session/Middleware/StartSession.php:62
[30-Apr-2017 06:28:35 Asia/Tokyo] PHP  20. call_user_func_array:{/home/ubuntu/workspace/kadai-tasklist/vendor/laravel/framework/src/Illuminate/Pipeline/Pipeline.php:124}() /home/ubuntu/workspace/kadai-tasklist/vendor/laravel/framework/src/Illuminate/Pipeline/Pipeline.php:124
[30-Apr-2017 06:28:35 Asia/Tokyo] PHP  21. Illuminate\View\Middleware\ShareErrorsFromSession->handle() /home/ubuntu/workspace/kadai-tasklist/vendor/laravel/framework/src/Illuminate/Pipeline/Pipeline.php:124
[30-Apr-2017 06:28:35 Asia/Tokyo] PHP  22. Illuminate\Pipeline\Pipeline->Illuminate\Pipeline\{closure}() /home/ubuntu/workspace/kadai-tasklist/vendor/laravel/framework/src/Illuminate/View/Middleware/ShareErrorsFromSession.php:49
[30-Apr-2017 06:28:35 Asia/Tokyo] PHP  23. call_user_func_array:{/home/ubuntu/workspace/kadai-tasklist/vendor/laravel/framework/src/Illuminate/Pipeline/Pipeline.php:124}() /home/ubuntu/workspace/kadai-tasklist/vendor/laravel/framework/src/Illuminate/Pipeline/Pipeline.php:124
[30-Apr-2017 06:28:35 Asia/Tokyo] PHP  24. Illuminate\Foundation\Http\Middleware\VerifyCsrfToken->handle() /home/ubuntu/workspace/kadai-tasklist/vendor/laravel/framework/src/Illuminate/Pipeline/Pipeline.php:124
[30-Apr-2017 06:28:35 Asia/Tokyo] PHP  25. Illuminate\Pipeline\Pipeline->Illuminate\Pipeline\{closure}() /home/ubuntu/workspace/kadai-tasklist/vendor/laravel/framework/src/Illuminate/Foundation/Http/Middleware/VerifyCsrfToken.php:50
[30-Apr-2017 06:28:35 Asia/Tokyo] PHP  26. call_user_func:{/home/ubuntu/workspace/kadai-tasklist/vendor/laravel/framework/src/Illuminate/Pipeline/Pipeline.php:139}() /home/ubuntu/workspace/kadai-tasklist/vendor/laravel/framework/src/Illuminate/Pipeline/Pipeline.php:139
[30-Apr-2017 06:28:35 Asia/Tokyo] PHP  27. Illuminate\Foundation\Http\Kernel->Illuminate\Foundation\Http\{closure}() /home/ubuntu/workspace/kadai-tasklist/vendor/laravel/framework/src/Illuminate/Pipeline/Pipeline.php:139
[30-Apr-2017 06:28:35 Asia/Tokyo] PHP  28. Illuminate\Routing\Router->dispatch() /home/ubuntu/workspace/kadai-tasklist/vendor/laravel/framework/src/Illuminate/Foundation/Http/Kernel.php:236
[30-Apr-2017 06:28:35 Asia/Tokyo] PHP  29. Illuminate\Routing\Router->dispatchToRoute() /home/ubuntu/workspace/kadai-tasklist/vendor/laravel/framework/src/Illuminate/Routing/Router.php:635
[30-Apr-2017 06:28:35 Asia/Tokyo] PHP  30. Illuminate\Routing\Router->runRouteWithinStack() /home/ubuntu/workspace/kadai-tasklist/vendor/laravel/framework/src/Illuminate/Routing/Router.php:675
[30-Apr-2017 06:28:35 Asia/Tokyo] PHP  31. Illuminate\Pipeline\Pipeline->then() /home/ubuntu/workspace/kadai-tasklist/vendor/laravel/framework/src/Illuminate/Routing/Router.php:710
[30-Apr-2017 06:28:35 Asia/Tokyo] PHP  32. call_user_func:{/home/ubuntu/workspace/kadai-tasklist/vendor/laravel/framework/src/Illuminate/Pipeline/Pipeline.php:103}() /home/ubuntu/workspace/kadai-tasklist/vendor/laravel/framework/src/Illuminate/Pipeline/Pipeline.php:103
[30-Apr-2017 06:28:35 Asia/Tokyo] PHP  33. Illuminate\Pipeline\Pipeline->Illuminate\Pipeline\{closure}() /home/ubuntu/workspace/kadai-tasklist/vendor/laravel/framework/src/Illuminate/Pipeline/Pipeline.php:103
[30-Apr-2017 06:28:35 Asia/Tokyo] PHP  34. call_user_func:{/home/ubuntu/workspace/kadai-tasklist/vendor/laravel/framework/src/Illuminate/Pipeline/Pipeline.php:139}() /home/ubuntu/workspace/kadai-tasklist/vendor/laravel/framework/src/Illuminate/Pipeline/Pipeline.php:139
[30-Apr-2017 06:28:35 Asia/Tokyo] PHP  35. Illuminate\Routing\Router->Illuminate\Routing\{closure}() /home/ubuntu/workspace/kadai-tasklist/vendor/laravel/framework/src/Illuminate/Pipeline/Pipeline.php:139
[30-Apr-2017 06:28:35 Asia/Tokyo] PHP  36. Illuminate\Routing\Route->run() /home/ubuntu/workspace/kadai-tasklist/vendor/laravel/framework/src/Illuminate/Routing/Router.php:708
[30-Apr-2017 06:28:35 Asia/Tokyo] PHP  37. Illuminate\Routing\Route->runWithCustomDispatcher() /home/ubuntu/workspace/kadai-tasklist/vendor/laravel/framework/src/Illuminate/Routing/Route.php:134
[30-Apr-2017 06:28:35 Asia/Tokyo] PHP  38. Illuminate\Routing\ControllerDispatcher->dispatch() /home/ubuntu/workspace/kadai-tasklist/vendor/laravel/framework/src/Illuminate/Routing/Route.php:203
[30-Apr-2017 06:28:35 Asia/Tokyo] PHP  39. Illuminate\Routing\ControllerDispatcher->makeController() /home/ubuntu/workspace/kadai-tasklist/vendor/laravel/framework/src/Illuminate/Routing/ControllerDispatcher.php:57
[30-Apr-2017 06:28:35 Asia/Tokyo] PHP  40. Illuminate\Foundation\Application->make() /home/ubuntu/workspace/kadai-tasklist/vendor/laravel/framework/src/Illuminate/Routing/ControllerDispatcher.php:85
[30-Apr-2017 06:28:35 Asia/Tokyo] PHP  41. Illuminate\Container\Container->make() /home/ubuntu/workspace/kadai-tasklist/vendor/laravel/framework/src/Illuminate/Foundation/Application.php:674
[30-Apr-2017 06:28:35 Asia/Tokyo] PHP  42. Illuminate\Container\Container->build() /home/ubuntu/workspace/kadai-tasklist/vendor/laravel/framework/src/Illuminate/Container/Container.php:631
[30-Apr-2017 06:28:35 Asia/Tokyo] PHP  43. ReflectionClass->__construct() /home/ubuntu/workspace/kadai-tasklist/vendor/laravel/framework/src/Illuminate/Container/Container.php:741
[30-Apr-2017 06:28:35 Asia/Tokyo] PHP  44. spl_autoload_call() /home/ubuntu/workspace/kadai-tasklist/vendor/laravel/framework/src/Illuminate/Container/Container.php:741
[30-Apr-2017 06:28:35 Asia/Tokyo] PHP  45. Composer\Autoload\ClassLoader->loadClass() /home/ubuntu/workspace/kadai-tasklist/vendor/laravel/framework/src/Illuminate/Container/Container.php:741
[30-Apr-2017 06:28:35 Asia/Tokyo] PHP  46. Composer\Autoload\includeFile() /home/ubuntu/workspace/kadai-tasklist/vendor/composer/ClassLoader.php:322
[30-Apr-2017 08:07:31 Asia/Tokyo] PHP Parse error:  syntax error, unexpected ';' in /home/ubuntu/workspace/kadai-tasklist/storage/framework/views/70f93fa0037e969ff5b6cad04d70b03b on line 13
[30-Apr-2017 08:07:31 Asia/Tokyo] PHP Stack trace:
[30-Apr-2017 08:07:31 Asia/Tokyo] PHP   1. {main}() /home/ubuntu/workspace/kadai-tasklist/server.php:0
[30-Apr-2017 08:07:31 Asia/Tokyo] PHP   2. require_once() /home/ubuntu/workspace/kadai-tasklist/server.php:21
[30-Apr-2017 08:07:31 Asia/Tokyo] PHP   3. Illuminate\Foundation\Http\Kernel->handle() /home/ubuntu/workspace/kadai-tasklist/public/index.php:54
[30-Apr-2017 08:07:31 Asia/Tokyo] PHP   4. Illuminate\Foundation\Http\Kernel->sendRequestThroughRouter() /home/ubuntu/workspace/kadai-tasklist/vendor/laravel/framework/src/Illuminate/Foundation/Http/Kernel.php:87
[30-Apr-2017 08:07:31 Asia/Tokyo] PHP   5. Illuminate\Pipeline\Pipeline->then() /home/ubuntu/workspace/kadai-tasklist/vendor/laravel/framework/src/Illuminate/Foundation/Http/Kernel.php:122
[30-Apr-2017 08:07:31 Asia/Tokyo] PHP   6. call_user_func:{/home/ubuntu/workspace/kadai-tasklist/vendor/laravel/framework/src/Illuminate/Pipeline/Pipeline.php:103}() /home/ubuntu/workspace/kadai-tasklist/vendor/laravel/framework/src/Illuminate/Pipeline/Pipeline.php:103
[30-Apr-2017 08:07:31 Asia/Tokyo] PHP   7. Illuminate\Pipeline\Pipeline->Illuminate\Pipeline\{closure}() /home/ubuntu/workspace/kadai-tasklist/vendor/laravel/framework/src/Illuminate/Pipeline/Pipeline.php:103
[30-Apr-2017 08:07:31 Asia/Tokyo] PHP   8. call_user_func_array:{/home/ubuntu/workspace/kadai-tasklist/vendor/laravel/framework/src/Illuminate/Pipeline/Pipeline.php:124}() /home/ubuntu/workspace/kadai-tasklist/vendor/laravel/framework/src/Illuminate/Pipeline/Pipeline.php:124
[30-Apr-2017 08:07:31 Asia/Tokyo] PHP   9. Illuminate\Foundation\Http\Middleware\CheckForMaintenanceMode->handle() /home/ubuntu/workspace/kadai-tasklist/vendor/laravel/framework/src/Illuminate/Pipeline/Pipeline.php:124
[30-Apr-2017 08:07:31 Asia/Tokyo] PHP  10. Illuminate\Pipeline\Pipeline->Illuminate\Pipeline\{closure}() /home/ubuntu/workspace/kadai-tasklist/vendor/laravel/framework/src/Illuminate/Foundation/Http/Middleware/CheckForMaintenanceMode.php:44
[30-Apr-2017 08:07:31 Asia/Tokyo] PHP  11. call_user_func_array:{/home/ubuntu/workspace/kadai-tasklist/vendor/laravel/framework/src/Illuminate/Pipeline/Pipeline.php:124}() /home/ubuntu/workspace/kadai-tasklist/vendor/laravel/framework/src/Illuminate/Pipeline/Pipeline.php:124
[30-Apr-2017 08:07:31 Asia/Tokyo] PHP  12. Illuminate\Cookie\Middleware\EncryptCookies->handle() /home/ubuntu/workspace/kadai-tasklist/vendor/laravel/framework/src/Illuminate/Pipeline/Pipeline.php:124
[30-Apr-2017 08:07:31 Asia/Tokyo] PHP  13. Illuminate\Pipeline\Pipeline->Illuminate\Pipeline\{closure}() /home/ubuntu/workspace/kadai-tasklist/vendor/laravel/framework/src/Illuminate/Cookie/Middleware/EncryptCookies.php:59
[30-Apr-2017 08:07:31 Asia/Tokyo] PHP  14. call_user_func_array:{/home/ubuntu/workspace/kadai-tasklist/vendor/laravel/framework/src/Illuminate/Pipeline/Pipeline.php:124}() /home/ubuntu/workspace/kadai-tasklist/vendor/laravel/framework/src/Illuminate/Pipeline/Pipeline.php:124
[30-Apr-2017 08:07:31 Asia/Tokyo] PHP  15. Illuminate\Cookie\Middleware\AddQueuedCookiesToResponse->handle() /home/ubuntu/workspace/kadai-tasklist/vendor/laravel/framework/src/Illuminate/Pipeline/Pipeline.php:124
[30-Apr-2017 08:07:31 Asia/Tokyo] PHP  16. Illuminate\Pipeline\Pipeline->Illuminate\Pipeline\{closure}() /home/ubuntu/workspace/kadai-tasklist/vendor/laravel/framework/src/Illuminate/Cookie/Middleware/AddQueuedCookiesToResponse.php:37
[30-Apr-2017 08:07:31 Asia/Tokyo] PHP  17. call_user_func_array:{/home/ubuntu/workspace/kadai-tasklist/vendor/laravel/framework/src/Illuminate/Pipeline/Pipeline.php:124}() /home/ubuntu/workspace/kadai-tasklist/vendor/laravel/framework/src/Illuminate/Pipeline/Pipeline.php:124
[30-Apr-2017 08:07:31 Asia/Tokyo] PHP  18. Illuminate\Session\Middleware\StartSession->handle() /home/ubuntu/workspace/kadai-tasklist/vendor/laravel/framework/src/Illuminate/Pipeline/Pipeline.php:124
[30-Apr-2017 08:07:31 Asia/Tokyo] PHP  19. Illuminate\Pipeline\Pipeline->Illuminate\Pipeline\{closure}() /home/ubuntu/workspace/kadai-tasklist/vendor/laravel/framework/src/Illuminate/Session/Middleware/StartSession.php:62
[30-Apr-2017 08:07:31 Asia/Tokyo] PHP  20. call_user_func_array:{/home/ubuntu/workspace/kadai-tasklist/vendor/laravel/framework/src/Illuminate/Pipeline/Pipeline.php:124}() /home/ubuntu/workspace/kadai-tasklist/vendor/laravel/framework/src/Illuminate/Pipeline/Pipeline.php:124
[30-Apr-2017 08:07:31 Asia/Tokyo] PHP  21. Illuminate\View\Middleware\ShareErrorsFromSession->handle() /home/ubuntu/workspace/kadai-tasklist/vendor/laravel/framework/src/Illuminate/Pipeline/Pipeline.php:124
[30-Apr-2017 08:07:31 Asia/Tokyo] PHP  22. Illuminate\Pipeline\Pipeline->Illuminate\Pipeline\{closure}() /home/ubuntu/workspace/kadai-tasklist/vendor/laravel/framework/src/Illuminate/View/Middleware/ShareErrorsFromSession.php:49
[30-Apr-2017 08:07:31 Asia/Tokyo] PHP  23. call_user_func_array:{/home/ubuntu/workspace/kadai-tasklist/vendor/laravel/framework/src/Illuminate/Pipeline/Pipeline.php:124}() /home/ubuntu/workspace/kadai-tasklist/vendor/laravel/framework/src/Illuminate/Pipeline/Pipeline.php:124
[30-Apr-2017 08:07:31 Asia/Tokyo] PHP  24. Illuminate\Foundation\Http\Middleware\VerifyCsrfToken->handle() /home/ubuntu/workspace/kadai-tasklist/vendor/laravel/framework/src/Illuminate/Pipeline/Pipeline.php:124
[30-Apr-2017 08:07:31 Asia/Tokyo] PHP  25. Illuminate\Pipeline\Pipeline->Illuminate\Pipeline\{closure}() /home/ubuntu/workspace/kadai-tasklist/vendor/laravel/framework/src/Illuminate/Foundation/Http/Middleware/VerifyCsrfToken.php:50
[30-Apr-2017 08:07:31 Asia/Tokyo] PHP  26. call_user_func:{/home/ubuntu/workspace/kadai-tasklist/vendor/laravel/framework/src/Illuminate/Pipeline/Pipeline.php:139}() /home/ubuntu/workspace/kadai-tasklist/vendor/laravel/framework/src/Illuminate/Pipeline/Pipeline.php:139
[30-Apr-2017 08:07:31 Asia/Tokyo] PHP  27. Illuminate\Foundation\Http\Kernel->Illuminate\Foundation\Http\{closure}() /home/ubuntu/workspace/kadai-tasklist/vendor/laravel/framework/src/Illuminate/Pipeline/Pipeline.php:139
[30-Apr-2017 08:07:31 Asia/Tokyo] PHP  28. Illuminate\Routing\Router->dispatch() /home/ubuntu/workspace/kadai-tasklist/vendor/laravel/framework/src/Illuminate/Foundation/Http/Kernel.php:236
[30-Apr-2017 08:07:31 Asia/Tokyo] PHP  29. Illuminate\Routing\Router->dispatchToRoute() /home/ubuntu/workspace/kadai-tasklist/vendor/laravel/framework/src/Illuminate/Routing/Router.php:635
[30-Apr-2017 08:07:31 Asia/Tokyo] PHP  30. Illuminate\Routing\Router->runRouteWithinStack() /home/ubuntu/workspace/kadai-tasklist/vendor/laravel/framework/src/Illuminate/Routing/Router.php:675
[30-Apr-2017 08:07:31 Asia/Tokyo] PHP  31. Illuminate\Pipeline\Pipeline->then() /home/ubuntu/workspace/kadai-tasklist/vendor/laravel/framework/src/Illuminate/Routing/Router.php:710
[30-Apr-2017 08:07:31 Asia/Tokyo] PHP  32. call_user_func:{/home/ubuntu/workspace/kadai-tasklist/vendor/laravel/framework/src/Illuminate/Pipeline/Pipeline.php:103}() /home/ubuntu/workspace/kadai-tasklist/vendor/laravel/framework/src/Illuminate/Pipeline/Pipeline.php:103
[30-Apr-2017 08:07:31 Asia/Tokyo] PHP  33. Illuminate\Pipeline\Pipeline->Illuminate\Pipeline\{closure}() /home/ubuntu/workspace/kadai-tasklist/vendor/laravel/framework/src/Illuminate/Pipeline/Pipeline.php:103
[30-Apr-2017 08:07:31 Asia/Tokyo] PHP  34. call_user_func:{/home/ubuntu/workspace/kadai-tasklist/vendor/laravel/framework/src/Illuminate/Pipeline/Pipeline.php:139}() /home/ubuntu/workspace/kadai-tasklist/vendor/laravel/framework/src/Illuminate/Pipeline/Pipeline.php:139
[30-Apr-2017 08:07:31 Asia/Tokyo] PHP  35. Illuminate\Routing\Router->Illuminate\Routing\{closure}() /home/ubuntu/workspace/kadai-tasklist/vendor/laravel/framework/src/Illuminate/Pipeline/Pipeline.php:139
[30-Apr-2017 08:07:31 Asia/Tokyo] PHP  36. Illuminate\Routing\Route->run() /home/ubuntu/workspace/kadai-tasklist/vendor/laravel/framework/src/Illuminate/Routing/Router.php:708
[30-Apr-2017 08:07:31 Asia/Tokyo] PHP  37. Illuminate\Routing\Route->runWithCustomDispatcher() /home/ubuntu/workspace/kadai-tasklist/vendor/laravel/framework/src/Illuminate/Routing/Route.php:134
[30-Apr-2017 08:07:31 Asia/Tokyo] PHP  38. Illuminate\Routing\ControllerDispatcher->dispatch() /home/ubuntu/workspace/kadai-tasklist/vendor/laravel/framework/src/Illuminate/Routing/Route.php:203
[30-Apr-2017 08:07:31 Asia/Tokyo] PHP  39. Illuminate\Routing\ControllerDispatcher->callWithinStack() /home/ubuntu/workspace/kadai-tasklist/vendor/laravel/framework/src/Illuminate/Routing/ControllerDispatcher.php:69
[30-Apr-2017 08:07:31 Asia/Tokyo] PHP  40. Illuminate\Pipeline\Pipeline->then() /home/ubuntu/workspace/kadai-tasklist/vendor/laravel/framework/src/Illuminate/Routing/ControllerDispatcher.php:114
[30-Apr-2017 08:07:31 Asia/Tokyo] PHP  41. call_user_func:{/home/ubuntu/workspace/kadai-tasklist/vendor/laravel/framework/src/Illuminate/Pipeline/Pipeline.php:103}() /home/ubuntu/workspace/kadai-tasklist/vendor/laravel/framework/src/Illuminate/Pipeline/Pipeline.php:103
[30-Apr-2017 08:07:31 Asia/Tokyo] PHP  42. Illuminate\Pipeline\Pipeline->Illuminate\Pipeline\{closure}() /home/ubuntu/workspace/kadai-tasklist/vendor/laravel/framework/src/Illuminate/Pipeline/Pipeline.php:103
[30-Apr-2017 08:07:31 Asia/Tokyo] PHP  43. call_user_func:{/home/ubuntu/workspace/kadai-tasklist/vendor/laravel/framework/src/Illuminate/Pipeline/Pipeline.php:139}() /home/ubuntu/workspace/kadai-tasklist/vendor/laravel/framework/src/Illuminate/Pipeline/Pipeline.php:139
[30-Apr-2017 08:07:31 Asia/Tokyo] PHP  44. Illuminate\Routing\ControllerDispatcher->Illuminate\Routing\{closure}() /home/ubuntu/workspace/kadai-tasklist/vendor/laravel/framework/src/Illuminate/Pipeline/Pipeline.php:139
[30-Apr-2017 08:07:31 Asia/Tokyo] PHP  45. Illuminate\Routing\Router->prepareResponse() /home/ubuntu/workspace/kadai-tasklist/vendor/laravel/framework/src/Illuminate/Routing/ControllerDispatcher.php:113
[30-Apr-2017 08:07:31 Asia/Tokyo] PHP  46. Symfony\Component\HttpFoundation\Response->__construct() /home/ubuntu/workspace/kadai-tasklist/vendor/laravel/framework/src/Illuminate/Routing/Router.php:1229
[30-Apr-2017 08:07:31 Asia/Tokyo] PHP  47. Illuminate\Http\Response->setContent() /home/ubuntu/workspace/kadai-tasklist/vendor/symfony/http-foundation/Response.php:202
[30-Apr-2017 08:07:31 Asia/Tokyo] PHP  48. Illuminate\View\View->render() /home/ubuntu/workspace/kadai-tasklist/vendor/laravel/framework/src/Illuminate/Http/Response.php:51
[30-Apr-2017 08:07:31 Asia/Tokyo] PHP  49. Illuminate\View\View->renderContents() /home/ubuntu/workspace/kadai-tasklist/vendor/laravel/framework/src/Illuminate/View/View.php:83
[30-Apr-2017 08:07:31 Asia/Tokyo] PHP  50. Illuminate\View\View->getContents() /home/ubuntu/workspace/kadai-tasklist/vendor/laravel/framework/src/Illuminate/View/View.php:118
[30-Apr-2017 08:07:31 Asia/Tokyo] PHP  51. Illuminate\View\Engines\CompilerEngine->get() /home/ubuntu/workspace/kadai-tasklist/vendor/laravel/framework/src/Illuminate/View/View.php:147
[30-Apr-2017 08:07:31 Asia/Tokyo] PHP  52. Illuminate\View\Engines\PhpEngine->evaluatePath() /home/ubuntu/workspace/kadai-tasklist/vendor/laravel/framework/src/Illuminate/View/Engines/CompilerEngine.php:58
[30-Apr-2017 08:09:15 Asia/Tokyo] PHP Parse error:  syntax error, unexpected '=>' (T_DOUBLE_ARROW) in /home/ubuntu/workspace/kadai-tasklist/storage/framework/views/70f93fa0037e969ff5b6cad04d70b03b on line 13
[30-Apr-2017 08:09:15 Asia/Tokyo] PHP Stack trace:
[30-Apr-2017 08:09:15 Asia/Tokyo] PHP   1. {main}() /home/ubuntu/workspace/kadai-tasklist/server.php:0
[30-Apr-2017 08:09:15 Asia/Tokyo] PHP   2. require_once() /home/ubuntu/workspace/kadai-tasklist/server.php:21
[30-Apr-2017 08:09:15 Asia/Tokyo] PHP   3. Illuminate\Foundation\Http\Kernel->handle() /home/ubuntu/workspace/kadai-tasklist/public/index.php:54
[30-Apr-2017 08:09:15 Asia/Tokyo] PHP   4. Illuminate\Foundation\Http\Kernel->sendRequestThroughRouter() /home/ubuntu/workspace/kadai-tasklist/vendor/laravel/framework/src/Illuminate/Foundation/Http/Kernel.php:87
[30-Apr-2017 08:09:15 Asia/Tokyo] PHP   5. Illuminate\Pipeline\Pipeline->then() /home/ubuntu/workspace/kadai-tasklist/vendor/laravel/framework/src/Illuminate/Foundation/Http/Kernel.php:122
[30-Apr-2017 08:09:15 Asia/Tokyo] PHP   6. call_user_func:{/home/ubuntu/workspace/kadai-tasklist/vendor/laravel/framework/src/Illuminate/Pipeline/Pipeline.php:103}() /home/ubuntu/workspace/kadai-tasklist/vendor/laravel/framework/src/Illuminate/Pipeline/Pipeline.php:103
[30-Apr-2017 08:09:15 Asia/Tokyo] PHP   7. Illuminate\Pipeline\Pipeline->Illuminate\Pipeline\{closure}() /home/ubuntu/workspace/kadai-tasklist/vendor/laravel/framework/src/Illuminate/Pipeline/Pipeline.php:103
[30-Apr-2017 08:09:15 Asia/Tokyo] PHP   8. call_user_func_array:{/home/ubuntu/workspace/kadai-tasklist/vendor/laravel/framework/src/Illuminate/Pipeline/Pipeline.php:124}() /home/ubuntu/workspace/kadai-tasklist/vendor/laravel/framework/src/Illuminate/Pipeline/Pipeline.php:124
[30-Apr-2017 08:09:15 Asia/Tokyo] PHP   9. Illuminate\Foundation\Http\Middleware\CheckForMaintenanceMode->handle() /home/ubuntu/workspace/kadai-tasklist/vendor/laravel/framework/src/Illuminate/Pipeline/Pipeline.php:124
[30-Apr-2017 08:09:15 Asia/Tokyo] PHP  10. Illuminate\Pipeline\Pipeline->Illuminate\Pipeline\{closure}() /home/ubuntu/workspace/kadai-tasklist/vendor/laravel/framework/src/Illuminate/Foundation/Http/Middleware/CheckForMaintenanceMode.php:44
[30-Apr-2017 08:09:15 Asia/Tokyo] PHP  11. call_user_func_array:{/home/ubuntu/workspace/kadai-tasklist/vendor/laravel/framework/src/Illuminate/Pipeline/Pipeline.php:124}() /home/ubuntu/workspace/kadai-tasklist/vendor/laravel/framework/src/Illuminate/Pipeline/Pipeline.php:124
[30-Apr-2017 08:09:15 Asia/Tokyo] PHP  12. Illuminate\Cookie\Middleware\EncryptCookies->handle() /home/ubuntu/workspace/kadai-tasklist/vendor/laravel/framework/src/Illuminate/Pipeline/Pipeline.php:124
[30-Apr-2017 08:09:15 Asia/Tokyo] PHP  13. Illuminate\Pipeline\Pipeline->Illuminate\Pipeline\{closure}() /home/ubuntu/workspace/kadai-tasklist/vendor/laravel/framework/src/Illuminate/Cookie/Middleware/EncryptCookies.php:59
[30-Apr-2017 08:09:15 Asia/Tokyo] PHP  14. call_user_func_array:{/home/ubuntu/workspace/kadai-tasklist/vendor/laravel/framework/src/Illuminate/Pipeline/Pipeline.php:124}() /home/ubuntu/workspace/kadai-tasklist/vendor/laravel/framework/src/Illuminate/Pipeline/Pipeline.php:124
[30-Apr-2017 08:09:15 Asia/Tokyo] PHP  15. Illuminate\Cookie\Middleware\AddQueuedCookiesToResponse->handle() /home/ubuntu/workspace/kadai-tasklist/vendor/laravel/framework/src/Illuminate/Pipeline/Pipeline.php:124
[30-Apr-2017 08:09:15 Asia/Tokyo] PHP  16. Illuminate\Pipeline\Pipeline->Illuminate\Pipeline\{closure}() /home/ubuntu/workspace/kadai-tasklist/vendor/laravel/framework/src/Illuminate/Cookie/Middleware/AddQueuedCookiesToResponse.php:37
[30-Apr-2017 08:09:15 Asia/Tokyo] PHP  17. call_user_func_array:{/home/ubuntu/workspace/kadai-tasklist/vendor/laravel/framework/src/Illuminate/Pipeline/Pipeline.php:124}() /home/ubuntu/workspace/kadai-tasklist/vendor/laravel/framework/src/Illuminate/Pipeline/Pipeline.php:124
[30-Apr-2017 08:09:15 Asia/Tokyo] PHP  18. Illuminate\Session\Middleware\StartSession->handle() /home/ubuntu/workspace/kadai-tasklist/vendor/laravel/framework/src/Illuminate/Pipeline/Pipeline.php:124
[30-Apr-2017 08:09:15 Asia/Tokyo] PHP  19. Illuminate\Pipeline\Pipeline->Illuminate\Pipeline\{closure}() /home/ubuntu/workspace/kadai-tasklist/vendor/laravel/framework/src/Illuminate/Session/Middleware/StartSession.php:62
[30-Apr-2017 08:09:15 Asia/Tokyo] PHP  20. call_user_func_array:{/home/ubuntu/workspace/kadai-tasklist/vendor/laravel/framework/src/Illuminate/Pipeline/Pipeline.php:124}() /home/ubuntu/workspace/kadai-tasklist/vendor/laravel/framework/src/Illuminate/Pipeline/Pipeline.php:124
[30-Apr-2017 08:09:15 Asia/Tokyo] PHP  21. Illuminate\View\Middleware\ShareErrorsFromSession->handle() /home/ubuntu/workspace/kadai-tasklist/vendor/laravel/framework/src/Illuminate/Pipeline/Pipeline.php:124
[30-Apr-2017 08:09:15 Asia/Tokyo] PHP  22. Illuminate\Pipeline\Pipeline->Illuminate\Pipeline\{closure}() /home/ubuntu/workspace/kadai-tasklist/vendor/laravel/framework/src/Illuminate/View/Middleware/ShareErrorsFromSession.php:49
[30-Apr-2017 08:09:15 Asia/Tokyo] PHP  23. call_user_func_array:{/home/ubuntu/workspace/kadai-tasklist/vendor/laravel/framework/src/Illuminate/Pipeline/Pipeline.php:124}() /home/ubuntu/workspace/kadai-tasklist/vendor/laravel/framework/src/Illuminate/Pipeline/Pipeline.php:124
[30-Apr-2017 08:09:15 Asia/Tokyo] PHP  24. Illuminate\Foundation\Http\Middleware\VerifyCsrfToken->handle() /home/ubuntu/workspace/kadai-tasklist/vendor/laravel/framework/src/Illuminate/Pipeline/Pipeline.php:124
[30-Apr-2017 08:09:15 Asia/Tokyo] PHP  25. Illuminate\Pipeline\Pipeline->Illuminate\Pipeline\{closure}() /home/ubuntu/workspace/kadai-tasklist/vendor/laravel/framework/src/Illuminate/Foundation/Http/Middleware/VerifyCsrfToken.php:50
[30-Apr-2017 08:09:15 Asia/Tokyo] PHP  26. call_user_func:{/home/ubuntu/workspace/kadai-tasklist/vendor/laravel/framework/src/Illuminate/Pipeline/Pipeline.php:139}() /home/ubuntu/workspace/kadai-tasklist/vendor/laravel/framework/src/Illuminate/Pipeline/Pipeline.php:139
[30-Apr-2017 08:09:15 Asia/Tokyo] PHP  27. Illuminate\Foundation\Http\Kernel->Illuminate\Foundation\Http\{closure}() /home/ubuntu/workspace/kadai-tasklist/vendor/laravel/framework/src/Illuminate/Pipeline/Pipeline.php:139
[30-Apr-2017 08:09:15 Asia/Tokyo] PHP  28. Illuminate\Routing\Router->dispatch() /home/ubuntu/workspace/kadai-tasklist/vendor/laravel/framework/src/Illuminate/Foundation/Http/Kernel.php:236
[30-Apr-2017 08:09:15 Asia/Tokyo] PHP  29. Illuminate\Routing\Router->dispatchToRoute() /home/ubuntu/workspace/kadai-tasklist/vendor/laravel/framework/src/Illuminate/Routing/Router.php:635
[30-Apr-2017 08:09:15 Asia/Tokyo] PHP  30. Illuminate\Routing\Router->runRouteWithinStack() /home/ubuntu/workspace/kadai-tasklist/vendor/laravel/framework/src/Illuminate/Routing/Router.php:675
[30-Apr-2017 08:09:15 Asia/Tokyo] PHP  31. Illuminate\Pipeline\Pipeline->then() /home/ubuntu/workspace/kadai-tasklist/vendor/laravel/framework/src/Illuminate/Routing/Router.php:710
[30-Apr-2017 08:09:15 Asia/Tokyo] PHP  32. call_user_func:{/home/ubuntu/workspace/kadai-tasklist/vendor/laravel/framework/src/Illuminate/Pipeline/Pipeline.php:103}() /home/ubuntu/workspace/kadai-tasklist/vendor/laravel/framework/src/Illuminate/Pipeline/Pipeline.php:103
[30-Apr-2017 08:09:15 Asia/Tokyo] PHP  33. Illuminate\Pipeline\Pipeline->Illuminate\Pipeline\{closure}() /home/ubuntu/workspace/kadai-tasklist/vendor/laravel/framework/src/Illuminate/Pipeline/Pipeline.php:103
[30-Apr-2017 08:09:15 Asia/Tokyo] PHP  34. call_user_func:{/home/ubuntu/workspace/kadai-tasklist/vendor/laravel/framework/src/Illuminate/Pipeline/Pipeline.php:139}() /home/ubuntu/workspace/kadai-tasklist/vendor/laravel/framework/src/Illuminate/Pipeline/Pipeline.php:139
[30-Apr-2017 08:09:15 Asia/Tokyo] PHP  35. Illuminate\Routing\Router->Illuminate\Routing\{closure}() /home/ubuntu/workspace/kadai-tasklist/vendor/laravel/framework/src/Illuminate/Pipeline/Pipeline.php:139
[30-Apr-2017 08:09:15 Asia/Tokyo] PHP  36. Illuminate\Routing\Route->run() /home/ubuntu/workspace/kadai-tasklist/vendor/laravel/framework/src/Illuminate/Routing/Router.php:708
[30-Apr-2017 08:09:15 Asia/Tokyo] PHP  37. Illuminate\Routing\Route->runWithCustomDispatcher() /home/ubuntu/workspace/kadai-tasklist/vendor/laravel/framework/src/Illuminate/Routing/Route.php:134
[30-Apr-2017 08:09:15 Asia/Tokyo] PHP  38. Illuminate\Routing\ControllerDispatcher->dispatch() /home/ubuntu/workspace/kadai-tasklist/vendor/laravel/framework/src/Illuminate/Routing/Route.php:203
[30-Apr-2017 08:09:15 Asia/Tokyo] PHP  39. Illuminate\Routing\ControllerDispatcher->callWithinStack() /home/ubuntu/workspace/kadai-tasklist/vendor/laravel/framework/src/Illuminate/Routing/ControllerDispatcher.php:69
[30-Apr-2017 08:09:15 Asia/Tokyo] PHP  40. Illuminate\Pipeline\Pipeline->then() /home/ubuntu/workspace/kadai-tasklist/vendor/laravel/framework/src/Illuminate/Routing/ControllerDispatcher.php:114
[30-Apr-2017 08:09:15 Asia/Tokyo] PHP  41. call_user_func:{/home/ubuntu/workspace/kadai-tasklist/vendor/laravel/framework/src/Illuminate/Pipeline/Pipeline.php:103}() /home/ubuntu/workspace/kadai-tasklist/vendor/laravel/framework/src/Illuminate/Pipeline/Pipeline.php:103
[30-Apr-2017 08:09:15 Asia/Tokyo] PHP  42. Illuminate\Pipeline\Pipeline->Illuminate\Pipeline\{closure}() /home/ubuntu/workspace/kadai-tasklist/vendor/laravel/framework/src/Illuminate/Pipeline/Pipeline.php:103
[30-Apr-2017 08:09:15 Asia/Tokyo] PHP  43. call_user_func:{/home/ubuntu/workspace/kadai-tasklist/vendor/laravel/framework/src/Illuminate/Pipeline/Pipeline.php:139}() /home/ubuntu/workspace/kadai-tasklist/vendor/laravel/framework/src/Illuminate/Pipeline/Pipeline.php:139
[30-Apr-2017 08:09:15 Asia/Tokyo] PHP  44. Illuminate\Routing\ControllerDispatcher->Illuminate\Routing\{closure}() /home/ubuntu/workspace/kadai-tasklist/vendor/laravel/framework/src/Illuminate/Pipeline/Pipeline.php:139
[30-Apr-2017 08:09:15 Asia/Tokyo] PHP  45. Illuminate\Routing\Router->prepareResponse() /home/ubuntu/workspace/kadai-tasklist/vendor/laravel/framework/src/Illuminate/Routing/ControllerDispatcher.php:113
[30-Apr-2017 08:09:15 Asia/Tokyo] PHP  46. Symfony\Component\HttpFoundation\Response->__construct() /home/ubuntu/workspace/kadai-tasklist/vendor/laravel/framework/src/Illuminate/Routing/Router.php:1229
[30-Apr-2017 08:09:15 Asia/Tokyo] PHP  47. Illuminate\Http\Response->setContent() /home/ubuntu/workspace/kadai-tasklist/vendor/symfony/http-foundation/Response.php:202
[30-Apr-2017 08:09:15 Asia/Tokyo] PHP  48. Illuminate\View\View->render() /home/ubuntu/workspace/kadai-tasklist/vendor/laravel/framework/src/Illuminate/Http/Response.php:51
[30-Apr-2017 08:09:15 Asia/Tokyo] PHP  49. Illuminate\View\View->renderContents() /home/ubuntu/workspace/kadai-tasklist/vendor/laravel/framework/src/Illuminate/View/View.php:83
[30-Apr-2017 08:09:15 Asia/Tokyo] PHP  50. Illuminate\View\View->getContents() /home/ubuntu/workspace/kadai-tasklist/vendor/laravel/framework/src/Illuminate/View/View.php:118
[30-Apr-2017 08:09:15 Asia/Tokyo] PHP  51. Illuminate\View\Engines\CompilerEngine->get() /home/ubuntu/workspace/kadai-tasklist/vendor/laravel/framework/src/Illuminate/View/View.php:147
[30-Apr-2017 08:09:15 Asia/Tokyo] PHP  52. Illuminate\View\Engines\PhpEngine->evaluatePath() /home/ubuntu/workspace/kadai-tasklist/vendor/laravel/framework/src/Illuminate/View/Engines/CompilerEngine.php:58
[30-Apr-2017 08:16:18 Asia/Tokyo] PHP Parse error:  syntax error, unexpected end of file in /home/ubuntu/workspace/kadai-tasklist/app/Http/routes.php on line 16
[30-Apr-2017 08:16:18 Asia/Tokyo] PHP Stack trace:
[30-Apr-2017 08:16:18 Asia/Tokyo] PHP   1. {main}() /home/ubuntu/workspace/kadai-tasklist/server.php:0
[30-Apr-2017 08:16:18 Asia/Tokyo] PHP   2. require_once() /home/ubuntu/workspace/kadai-tasklist/server.php:21
[30-Apr-2017 08:16:18 Asia/Tokyo] PHP   3. Illuminate\Foundation\Http\Kernel->handle() /home/ubuntu/workspace/kadai-tasklist/public/index.php:54
[30-Apr-2017 08:16:18 Asia/Tokyo] PHP   4. Illuminate\Foundation\Http\Kernel->sendRequestThroughRouter() /home/ubuntu/workspace/kadai-tasklist/vendor/laravel/framework/src/Illuminate/Foundation/Http/Kernel.php:87
[30-Apr-2017 08:16:18 Asia/Tokyo] PHP   5. Illuminate\Foundation\Http\Kernel->bootstrap() /home/ubuntu/workspace/kadai-tasklist/vendor/laravel/framework/src/Illuminate/Foundation/Http/Kernel.php:117
[30-Apr-2017 08:16:18 Asia/Tokyo] PHP   6. Illuminate\Foundation\Application->bootstrapWith() /home/ubuntu/workspace/kadai-tasklist/vendor/laravel/framework/src/Illuminate/Foundation/Http/Kernel.php:222
[30-Apr-2017 08:16:18 Asia/Tokyo] PHP   7. Illuminate\Foundation\Bootstrap\BootProviders->bootstrap() /home/ubuntu/workspace/kadai-tasklist/vendor/laravel/framework/src/Illuminate/Foundation/Application.php:203
[30-Apr-2017 08:16:18 Asia/Tokyo] PHP   8. Illuminate\Foundation\Application->boot() /home/ubuntu/workspace/kadai-tasklist/vendor/laravel/framework/src/Illuminate/Foundation/Bootstrap/BootProviders.php:17
[30-Apr-2017 08:16:18 Asia/Tokyo] PHP   9. array_walk() /home/ubuntu/workspace/kadai-tasklist/vendor/laravel/framework/src/Illuminate/Foundation/Application.php:718
[30-Apr-2017 08:16:18 Asia/Tokyo] PHP  10. Illuminate\Foundation\Application->Illuminate\Foundation\{closure}() /home/ubuntu/workspace/kadai-tasklist/vendor/laravel/framework/src/Illuminate/Foundation/Application.php:718
[30-Apr-2017 08:16:18 Asia/Tokyo] PHP  11. Illuminate\Foundation\Application->bootProvider() /home/ubuntu/workspace/kadai-tasklist/vendor/laravel/framework/src/Illuminate/Foundation/Application.php:717
[30-Apr-2017 08:16:18 Asia/Tokyo] PHP  12. Illuminate\Container\Container->call() /home/ubuntu/workspace/kadai-tasklist/vendor/laravel/framework/src/Illuminate/Foundation/Application.php:734
[30-Apr-2017 08:16:18 Asia/Tokyo] PHP  13. call_user_func_array:{/home/ubuntu/workspace/kadai-tasklist/vendor/laravel/framework/src/Illuminate/Container/Container.php:507}() /home/ubuntu/workspace/kadai-tasklist/vendor/laravel/framework/src/Illuminate/Container/Container.php:507
[30-Apr-2017 08:16:18 Asia/Tokyo] PHP  14. App\Providers\RouteServiceProvider->boot() /home/ubuntu/workspace/kadai-tasklist/vendor/laravel/framework/src/Illuminate/Container/Container.php:507
[30-Apr-2017 08:16:18 Asia/Tokyo] PHP  15. Illuminate\Foundation\Support\Providers\RouteServiceProvider->boot() /home/ubuntu/workspace/kadai-tasklist/app/Providers/RouteServiceProvider.php:29
[30-Apr-2017 08:16:18 Asia/Tokyo] PHP  16. Illuminate\Foundation\Support\Providers\RouteServiceProvider->loadRoutes() /home/ubuntu/workspace/kadai-tasklist/vendor/laravel/framework/src/Illuminate/Foundation/Support/Providers/RouteServiceProvider.php:31
[30-Apr-2017 08:16:18 Asia/Tokyo] PHP  17. Illuminate\Container\Container->call() /home/ubuntu/workspace/kadai-tasklist/vendor/laravel/framework/src/Illuminate/Foundation/Support/Providers/RouteServiceProvider.php:72
[30-Apr-2017 08:16:18 Asia/Tokyo] PHP  18. call_user_func_array:{/home/ubuntu/workspace/kadai-tasklist/vendor/laravel/framework/src/Illuminate/Container/Container.php:507}() /home/ubuntu/workspace/kadai-tasklist/vendor/laravel/framework/src/Illuminate/Container/Container.php:507
[30-Apr-2017 08:16:18 Asia/Tokyo] PHP  19. App\Providers\RouteServiceProvider->map() /home/ubuntu/workspace/kadai-tasklist/vendor/laravel/framework/src/Illuminate/Container/Container.php:507
[30-Apr-2017 08:16:18 Asia/Tokyo] PHP  20. Illuminate\Routing\Router->group() /home/ubuntu/workspace/kadai-tasklist/app/Providers/RouteServiceProvider.php:42
[30-Apr-2017 08:16:18 Asia/Tokyo] PHP  21. call_user_func:{/home/ubuntu/workspace/kadai-tasklist/vendor/laravel/framework/src/Illuminate/Routing/Router.php:354}() /home/ubuntu/workspace/kadai-tasklist/vendor/laravel/framework/src/Illuminate/Routing/Router.php:354
[30-Apr-2017 08:16:18 Asia/Tokyo] PHP  22. App\Providers\RouteServiceProvider->App\Providers\{closure}() /home/ubuntu/workspace/kadai-tasklist/vendor/laravel/framework/src/Illuminate/Routing/Router.php:354
